2025-08-19T02:36:04: 🚀 Starting Byreal Pool Analysis Scheduler
2025-08-19T02:36:04: ⏰ Scheduled to run every 30 minutes
2025-08-19T02:36:04: 
📊 Running initial analysis...
2025-08-19T02:36:04: 🚀 Starting Byreal CLMM Pool Analysis
2025-08-19T02:36:04: ==================================================
2025-08-19T02:36:04: 
📥 Step 1: Fetching pool data...
2025-08-19T02:36:04: 🔍 Fetching pool information...
2025-08-19T02:36:04:    Pool ID: FSmViworLwK7sTqiKf3WBtBowCQhSvVFaTt427XDevHi
2025-08-19T02:36:04: 
📊 === Pool Information ===
2025-08-19T02:36:04: 
🏊 Pool Address: FSmViworLwK7sTqiKf3WBtBowCQhSvVFaTt427XDevHi
2025-08-19T02:36:04: 📈 Current Price: 4,259.47 FRAGME/SOL
2025-08-19T02:36:04: 📍 Current Tick: 83573
2025-08-19T02:36:04: 💎 TVL: 414,542.38
2025-08-19T02:36:04: 💧 Total Liquidity: 918971848625722
2025-08-19T02:36:04: ⚙️ Status: Active
2025-08-19T02:36:04: 🎯 Tick Spacing: 10
2025-08-19T02:36:04: 
🪙 Token 0 (SOL):
2025-08-19T02:36:04:    Mint: So11111111111111111111111111111111111111112
2025-08-19T02:36:04:    Vault: DgHNJ3zkmCwRduwCYLS6rq52Bsj7V82g4GKKW38dfcaC
2025-08-19T02:36:04:    Amount: 1819.637447852
2025-08-19T02:36:04:    Decimals: 9
2025-08-19T02:36:04: 
🪙 Token 1 (FRAGME):
2025-08-19T02:36:04:    Mint: FRAGMEWj2z65qM62zqKhNtwNFskdfKs4ekDUDX3b4VD5
2025-08-19T02:36:04:    Vault: BtmoawcFkP2krbCCaVFafgGzgskzjt9MyHgW4eDovWrX
2025-08-19T02:36:04:    Amount: 9906613.686697682
2025-08-19T02:36:04:    Decimals: 9
2025-08-19T02:36:04: 
💰 Fees:
2025-08-19T02:36:04:    Total Token0: 0
2025-08-19T02:36:04:    Claimed Token0: 14.00897536
2025-08-19T02:36:04:    Total Token1: 0
2025-08-19T02:36:04:    Claimed Token1: 0
2025-08-19T02:36:04:    Protocol Token0: 0.922332916
2025-08-19T02:36:04:    Protocol Token1: 3436.743116891
2025-08-19T02:36:04: 
📈 Volume:
2025-08-19T02:36:04:    Swap In Token0: 3843.060756253
2025-08-19T02:36:04:    Swap Out Token0: 3189.635962948
2025-08-19T02:36:04:    Swap In Token1: 14319762.988885808
2025-08-19T02:36:04:    Swap Out Token1: 17154007.566610825
2025-08-19T02:36:04: 
📥 Step 2: Fetching pool positions...
2025-08-19T02:36:04: 
🔍 Fetching positions for pool: FSmViworLwK7sTqiKf3WBtBowCQhSvVFaTt427XDevHi
2025-08-19T02:36:04:    Batch size: 10, Max positions: 1000
2025-08-19T02:36:04:    Fetch owners: true
2025-08-19T02:36:04: 
📦 Fetching batch #1...
2025-08-19T02:36:04:    Positions fetched for pool: 14
2025-08-19T02:36:04:    Batch positions parsed: 10
2025-08-19T02:36:04:    Total positions so far: 10
2025-08-19T02:36:04:    Waiting 500ms before next batch...
2025-08-19T02:36:05: 
🔍 Fetching position owners for 10 positions...
2025-08-19T02:36:05:    Processing batch 1/1...
2025-08-19T02:36:05:    ✅ Successfully fetched 10 position owners
2025-08-19T02:36:05: 
✅ Successfully fetched 10 positions
2025-08-19T02:36:05: 
📊 === Pool Positions Summary ===
2025-08-19T02:36:05: 
📈 Statistics:
2025-08-19T02:36:05:    Total Positions: 10
2025-08-19T02:36:05:    Active (In Range): 6 ✅
2025-08-19T02:36:05:    Inactive (Out of Range): 4 ❌
2025-08-19T02:36:05:    Combined Liquidity: 762050571924882
2025-08-19T02:36:05: 
👥 Ownership Analysis:
2025-08-19T02:36:05:    Unique Owners: 7
2025-08-19T02:36:05:    Avg Positions per Owner: 1.43
2025-08-19T02:36:05: 
   Top Owners by Total Liquidity:
2025-08-19T02:36:05:    1. Bht3rxNxJ3Ym8JBJfVSfm1Zb6FnJutm1PS17o84yEGm6
2025-08-19T02:36:05:       Positions: 4
2025-08-19T02:36:05:       Total Liquidity: 727138861314537
2025-08-19T02:36:05:    2. 4HMnVsRtATXcczkhp2H3cu5SaZYBpBtkxxJF7qjsL3R5
2025-08-19T02:36:05:       Positions: 1
2025-08-19T02:36:05:       Total Liquidity: 33527895441872
2025-08-19T02:36:05:    3. H4J6RfpNwCH5GvuGm21jQaLdQgQ35M5TPc1vqMrVSfEq
2025-08-19T02:36:05:       Positions: 1
2025-08-19T02:36:05:       Total Liquidity: 711405522686
2025-08-19T02:36:05:    4. 6YCcYF2oKR8vqFaJTZT2fWMerKnW5YKBU8ePz6WpkoKe
2025-08-19T02:36:05:       Positions: 1
2025-08-19T02:36:05:       Total Liquidity: 275163663215
2025-08-19T02:36:05:    5. HUxJU6rZ1ZiuRVoeML2ecAKuJAMu8y9z533DT93tT3YK
2025-08-19T02:36:05:       Positions: 1
2025-08-19T02:36:05:       Total Liquidity: 176969624346
2025-08-19T02:36:05: 
💧 Liquidity Distribution:
2025-08-19T02:36:05:    Active Liquidity: 633565713299566 (83.13%)
2025-08-19T02:36:05:    Inactive Liquidity: 128484858625316 (16.86%)
2025-08-19T02:36:05: 
🏆 Top 5 Positions by Liquidity:
2025-08-19T02:36:05: 
   1. NFT: tdRWo41B...
2025-08-19T02:36:05:       Owner: Bht3rxNxJ3Ym8JBJfVSfm1Zb6FnJutm1PS17o84yEGm6
2025-08-19T02:36:05:       Liquidity: 285990575733336
2025-08-19T02:36:05:       Tick Range: [82970, 84980]
2025-08-19T02:36:05:       Price Range: [4,010.16, 4,902.87] FRAGME/SOL
2025-08-19T02:36:05:       Status: Active ✅
2025-08-19T02:36:05: 
   2. NFT: 9gZFyaQR...
2025-08-19T02:36:05:       Owner: Bht3rxNxJ3Ym8JBJfVSfm1Zb6FnJutm1PS17o84yEGm6
2025-08-19T02:36:05:       Liquidity: 159921308516746
2025-08-19T02:36:05:       Tick Range: [83310, 85330]
2025-08-19T02:36:05:       Price Range: [4,148.84, 5,077.50] FRAGME/SOL
2025-08-19T02:36:05:       Status: Active ✅
2025-08-19T02:36:05: 
   3. NFT: 7rhkUASD...
2025-08-19T02:36:05:       Owner: Bht3rxNxJ3Ym8JBJfVSfm1Zb6FnJutm1PS17o84yEGm6
2025-08-19T02:36:05:       Liquidity: 153798172619070
2025-08-19T02:36:05:       Tick Range: [82440, 86520]
2025-08-19T02:36:05:       Price Range: [3,803.16, 5,719.10] FRAGME/SOL
2025-08-19T02:36:05:       Status: Active ✅
2025-08-19T02:36:05: 
   4. NFT: 9H7fxXPJ...
2025-08-19T02:36:05:       Owner: Bht3rxNxJ3Ym8JBJfVSfm1Zb6FnJutm1PS17o84yEGm6
2025-08-19T02:36:05:       Liquidity: 127428804445385
2025-08-19T02:36:05:       Tick Range: [70400, 80210]
2025-08-19T02:36:05:       Price Range: [1,140.99, 3,043.00] FRAGME/SOL
2025-08-19T02:36:05:       Status: Inactive ❌
2025-08-19T02:36:05: 
   5. NFT: G1Rz7beZ...
2025-08-19T02:36:05:       Owner: 4HMnVsRtATXcczkhp2H3cu5SaZYBpBtkxxJF7qjsL3R5
2025-08-19T02:36:05:       Liquidity: 33527895441872
2025-08-19T02:36:05:       Tick Range: [83380, 84490]
2025-08-19T02:36:05:       Price Range: [4,177.98, 4,668.43] FRAGME/SOL
2025-08-19T02:36:05:       Status: Active ✅
2025-08-19T02:36:05: 
📊 Price Range Distribution (Top 10 by liquidity):
2025-08-19T02:36:05: 
   1. Range: [4,010.16, 4,902.87]
2025-08-19T02:36:05:       Liquidity: 285990575733336 (37.52%)
2025-08-19T02:36:05:       Status: Active
2025-08-19T02:36:05: 
   2. Range: [4,148.84, 5,077.50]
2025-08-19T02:36:05:       Liquidity: 159921308516746 (20.98%)
2025-08-19T02:36:05:       Status: Active
2025-08-19T02:36:05: 
   3. Range: [3,803.16, 5,719.10]
2025-08-19T02:36:05:       Liquidity: 153798172619070 (20.18%)
2025-08-19T02:36:05:       Status: Active
2025-08-19T02:36:05: 
   4. Range: [1,140.99, 3,043.00]
2025-08-19T02:36:05:       Liquidity: 127428804445385 (16.72%)
2025-08-19T02:36:05:       Status: Inactive
2025-08-19T02:36:05: 
   5. Range: [4,177.98, 4,668.43]
2025-08-19T02:36:05:       Liquidity: 33527895441872 (4.39%)
2025-08-19T02:36:05:       Status: Active
2025-08-19T02:36:05: 
   6. Range: [4,365.91, 4,825.05]
2025-08-19T02:36:05:       Liquidity: 711405522686 (0.09%)
2025-08-19T02:36:05:       Status: Inactive
2025-08-19T02:36:05: 
   7. Range: [4,339.79, 4,796.19]
2025-08-19T02:36:05:       Liquidity: 275163663215 (0.03%)
2025-08-19T02:36:05:       Status: Inactive
2025-08-19T02:36:05: 
   8. Range: [3,922.90, 4,791.39]
2025-08-19T02:36:05:       Liquidity: 176969624346 (0.02%)
2025-08-19T02:36:05:       Status: Active
2025-08-19T02:36:05: 
   9. Range: [3,104.47, 4,553.17]
2025-08-19T02:36:05:       Liquidity: 150791364196 (0.01%)
2025-08-19T02:36:05:       Status: Active
2025-08-19T02:36:05: 
   10. Range: [4,318.15, 4,878.41]
2025-08-19T02:36:05:       Liquidity: 69484994030 (0%)
2025-08-19T02:36:05:       Status: Inactive
2025-08-19T02:36:05: 
💱 Liquidity Breakpoint Analysis...
2025-08-19T02:36:05: 
=== Liquidity Breakpoint Analysis ===
2025-08-19T02:36:05: Direction: token0ToToken1
2025-08-19T02:36:05: Current tick: 83573
2025-08-19T02:36:05: Current sqrt price X64: 1203919438098420331886
2025-08-19T02:36:05: Current liquidity: 633565713299566
2025-08-19T02:36:05: Current price: 4259.46847186465076966 FRAGME/SOL
2025-08-19T02:36:05: Fee rate: 0.25% (Base: 0.2% + Additional: 0.05%)
2025-08-19T02:36:05: 
Target tick 83380:
2025-08-19T02:36:05:   Current sqrt: 1203919438098420331886
2025-08-19T02:36:05:   Target sqrt: 1192347635753068000000
2025-08-19T02:36:05:   Liquidity: 633565713299566
2025-08-19T02:36:05:   Swap amount (with fee): 94449392791
2025-08-19T02:36:05:   Output (after fee): 397441259975176
2025-08-19T02:36:05:   Fee amount: 236123482
2025-08-19T02:36:05:   Cumulative swap: 94.449392791 SOL
2025-08-19T02:36:05:   Cumulative output: 397441.259975176 FRAGME
2025-08-19T02:36:05:   Cumulative fees: 0.236123482 SOL
2025-08-19T02:36:05:   Price at tick: 4,177.98
2025-08-19T02:36:05:   Execution price: 4207.98 FRAGME/SOL
2025-08-19T02:36:05:   Price impact: 3.79%
2025-08-19T02:36:05:   Slippage: 1.21%
2025-08-19T02:36:05: 
Target tick 83310:
2025-08-19T02:36:05:   Current sqrt: 1192347635753068000000
2025-08-19T02:36:05:   Target sqrt: 1188181921562291300000
2025-08-19T02:36:05:   Liquidity: 600037817857694
2025-08-19T02:36:05:   Swap amount (with fee): 32627896483
2025-08-19T02:36:05:   Output (after fee): 135502831440856
2025-08-19T02:36:05:   Fee amount: 81569742
2025-08-19T02:36:05:   Cumulative swap: 127.077289274 SOL
2025-08-19T02:36:05:   Cumulative output: 532944.091416032 FRAGME
2025-08-19T02:36:05:   Cumulative fees: 0.317693224 SOL
2025-08-19T02:36:05:   Price at tick: 4,148.84
2025-08-19T02:36:05:   Execution price: 4193.86 FRAGME/SOL
2025-08-19T02:36:05:   Price impact: 5.17%
2025-08-19T02:36:05:   Slippage: 1.54%
2025-08-19T02:36:05: 
Target tick 82970:
2025-08-19T02:36:05:   Current sqrt: 1188181921562291300000
2025-08-19T02:36:05:   Target sqrt: 1168154545246091500000
2025-08-19T02:36:05:   Liquidity: 440116509340948
2025-08-19T02:36:05:   Swap amount (with fee): 117439797287
2025-08-19T02:36:05:   Output (after fee): 477828440635534
2025-08-19T02:36:05:   Fee amount: 293599494
2025-08-19T02:36:05:   Cumulative swap: 244.517086561 SOL
2025-08-19T02:36:05:   Cumulative output: 1010772.532051566 FRAGME
2025-08-19T02:36:05:   Cumulative fees: 0.611292718 SOL
2025-08-19T02:36:05:   Price at tick: 4,010.16
2025-08-19T02:36:05:   Execution price: 4133.75 FRAGME/SOL
2025-08-19T02:36:05:   Price impact: 11.36%
2025-08-19T02:36:05:   Slippage: 2.95%
2025-08-19T02:36:05: 
Target tick 82750:
2025-08-19T02:36:05:   Current sqrt: 1168154545246091500000
2025-08-19T02:36:05:   Target sqrt: 1155375895588022000000
2025-08-19T02:36:05:   Liquidity: 154125933607612
2025-08-19T02:36:05:   Swap amount (with fee): 26986334316
2025-08-19T02:36:05:   Output (after fee): 106767964087577
2025-08-19T02:36:05:   Fee amount: 67465836
2025-08-19T02:36:05:   Cumulative swap: 271.503420877 SOL
2025-08-19T02:36:05:   Cumulative output: 1117540.496139143 FRAGME
2025-08-19T02:36:05:   Cumulative fees: 0.678758554 SOL
2025-08-19T02:36:05:   Price at tick: 3,922.90
2025-08-19T02:36:05:   Execution price: 4116.12 FRAGME/SOL
2025-08-19T02:36:05:   Price impact: 15.12%
2025-08-19T02:36:05:   Slippage: 3.37%
2025-08-19T02:36:05: 
Target tick 82440:
2025-08-19T02:36:05:   Current sqrt: 1155375895588022000000
2025-08-19T02:36:05:   Target sqrt: 1137606526012666000000
2025-08-19T02:36:05:   Liquidity: 153948963983266
2025-08-19T02:36:05:   Swap amount (with fee): 38489319382
2025-08-19T02:36:05:   Output (after fee): 148295874102822
2025-08-19T02:36:05:   Fee amount: 96223299
2025-08-19T02:36:05:   Cumulative swap: 309.992740259 SOL
2025-08-19T02:36:05:   Cumulative output: 1265836.370241965 FRAGME
2025-08-19T02:36:05:   Cumulative fees: 0.774981853 SOL
2025-08-19T02:36:05:   Price at tick: 3,803.16
2025-08-19T02:36:05:   Execution price: 4083.44 FRAGME/SOL
2025-08-19T02:36:05:   Price impact: 20.24%
2025-08-19T02:36:05:   Slippage: 4.13%
2025-08-19T02:36:05: 
=== Analysis Complete ===

2025-08-19T02:36:05: 
=== Liquidity Breakpoint Analysis ===
2025-08-19T02:36:05: Direction: token1ToToken0
2025-08-19T02:36:05: Current tick: 83573
2025-08-19T02:36:05: Current sqrt price X64: 1203919438098420331886
2025-08-19T02:36:05: Current liquidity: 633565713299566
2025-08-19T02:36:05: Current price: 4259.46847186465076966 FRAGME/SOL
2025-08-19T02:36:05: Fee rate: 0.25% (Base: 0.2% + Additional: 0.05%)
2025-08-19T02:36:05: 
Target tick 83710:
2025-08-19T02:36:05:   Current sqrt: 1203919438098420331886
2025-08-19T02:36:05:   Target sqrt: 1212183576470036200000
2025-08-19T02:36:05:   Liquidity: 633565713299566
2025-08-19T02:36:05:   Swap amount (with fee): 284548709207616
2025-08-19T02:36:05:   Output (after fee): 66182496773
2025-08-19T02:36:05:   Fee amount: 711371773020
2025-08-19T02:36:05:   Cumulative swap: 284548.709207616 FRAGME
2025-08-19T02:36:05:   Cumulative output: 66.182496773 SOL
2025-08-19T02:36:05:   Cumulative fees: 711.37177302 FRAGME
2025-08-19T02:36:05:   Price at tick: 4,318.15
2025-08-19T02:36:05:   Execution price: 4299.46 FRAGME/SOL
2025-08-19T02:36:05:   Price impact: 2.84%
2025-08-19T02:36:05:   Slippage: 0.94%
2025-08-19T02:36:05: 
Target tick 83760:
2025-08-19T02:36:05:   Current sqrt: 1212183576470036200000
2025-08-19T02:36:05:   Target sqrt: 1215217674751496700000
2025-08-19T02:36:05:   Liquidity: 633635198293596
2025-08-19T02:36:05:   Swap amount (with fee): 104480757308227
2025-08-19T02:36:05:   Output (after fee): 24074994030
2025-08-19T02:36:05:   Fee amount: 261201893271
2025-08-19T02:36:05:   Cumulative swap: 389029.466515843 FRAGME
2025-08-19T02:36:05:   Cumulative output: 90.257490803 SOL
2025-08-19T02:36:05:   Cumulative fees: 972.573666291 FRAGME
2025-08-19T02:36:05:   Price at tick: 4,339.79
2025-08-19T02:36:05:   Execution price: 4310.22 FRAGME/SOL
2025-08-19T02:36:05:   Price impact: 3.87%
2025-08-19T02:36:05:   Slippage: 1.19%
2025-08-19T02:36:05: 
Target tick 83820:
2025-08-19T02:36:05:   Current sqrt: 1215217674751496700000
2025-08-19T02:36:05:   Target sqrt: 1218868618909751700000
2025-08-19T02:36:05:   Liquidity: 633910361956811
2025-08-19T02:36:05:   Swap amount (with fee): 125776763258504
2025-08-19T02:36:05:   Output (after fee): 28823173132
2025-08-19T02:36:05:   Fee amount: 314441908147
2025-08-19T02:36:05:   Cumulative swap: 514806.229774347 FRAGME
2025-08-19T02:36:05:   Cumulative output: 119.080663935 SOL
2025-08-19T02:36:05:   Cumulative fees: 1287.015574438 FRAGME
2025-08-19T02:36:05:   Price at tick: 4,365.91
2025-08-19T02:36:05:   Execution price: 4323.17 FRAGME/SOL
2025-08-19T02:36:05:   Price impact: 5.10%
2025-08-19T02:36:05:   Slippage: 1.50%
2025-08-19T02:36:05: 
Target tick 84240:
2025-08-19T02:36:05:   Current sqrt: 1218868618909751700000
2025-08-19T02:36:05:   Target sqrt: 1244734204795138600000
2025-08-19T02:36:05:   Liquidity: 634621767479497
2025-08-19T02:36:05:   Swap amount (with fee): 892081755746420
2025-08-19T02:36:05:   Output (after fee): 199582972787
2025-08-19T02:36:05:   Fee amount: 2230204389367
2025-08-19T02:36:05:   Cumulative swap: 1406887.985520767 FRAGME
2025-08-19T02:36:05:   Cumulative output: 318.663636722 SOL
2025-08-19T02:36:05:   Cumulative fees: 3517.219963805 FRAGME
2025-08-19T02:36:05:   Price at tick: 4,553.17
2025-08-19T02:36:05:   Execution price: 4414.96 FRAGME/SOL
2025-08-19T02:36:05:   Price impact: 14.41%
2025-08-19T02:36:05:   Slippage: 3.65%
2025-08-19T02:36:05: 
Target tick 84490:
2025-08-19T02:36:05:   Current sqrt: 1244734204795138600000
2025-08-19T02:36:05:   Target sqrt: 1260390245979485000000
2025-08-19T02:36:05:   Liquidity: 634470976115301
2025-08-19T02:36:05:   Swap amount (with fee): 539835061982681
2025-08-19T02:36:05:   Output (after fee): 116797024835
2025-08-19T02:36:05:   Fee amount: 1349587654957
2025-08-19T02:36:05:   Cumulative swap: 1946723.047503448 FRAGME
2025-08-19T02:36:05:   Cumulative output: 435.460661557 SOL
2025-08-19T02:36:05:   Cumulative fees: 4866.807618762 FRAGME
2025-08-19T02:36:05:   Price at tick: 4,668.43
2025-08-19T02:36:05:   Execution price: 4470.49 FRAGME/SOL
2025-08-19T02:36:05:   Price impact: 20.09%
2025-08-19T02:36:05:   Slippage: 4.95%
2025-08-19T02:36:05: 
=== Analysis Complete ===

2025-08-19T02:36:05: 
📊 SOL → FRAGME Key Breakpoints:
2025-08-19T02:36:05:    Tick 83380:
2025-08-19T02:36:05:      Swap needed: 94.449392791 SOL
2025-08-19T02:36:05:      Expected output: 397441.259975176 FRAGME
2025-08-19T02:36:05:      Liquidity change: -33527895441872
2025-08-19T02:36:05:    Tick 83310:
2025-08-19T02:36:05:      Swap needed: 127.077289274 SOL
2025-08-19T02:36:05:      Expected output: 532944.091416032 FRAGME
2025-08-19T02:36:05:      Liquidity change: -159921308516746
2025-08-19T02:36:05:    Tick 82970:
2025-08-19T02:36:05:      Swap needed: 244.517086561 SOL
2025-08-19T02:36:05:      Expected output: 1010772.532051566 FRAGME
2025-08-19T02:36:05:      Liquidity change: -285990575733336
2025-08-19T02:36:05: 
📊 FRAGME → SOL Key Breakpoints:
2025-08-19T02:36:05:    Tick 83710:
2025-08-19T02:36:05:      Swap needed: 284548.709207616 FRAGME
2025-08-19T02:36:05:      Expected output: 66.182496773 SOL
2025-08-19T02:36:05:      Liquidity change: +69484994030
2025-08-19T02:36:05:    Tick 83760:
2025-08-19T02:36:05:      Swap needed: 389029.466515843 FRAGME
2025-08-19T02:36:05:      Expected output: 90.257490803 SOL
2025-08-19T02:36:05:      Liquidity change: +275163663215
2025-08-19T02:36:05:    Tick 83820:
2025-08-19T02:36:05:      Swap needed: 514806.229774347 FRAGME
2025-08-19T02:36:05:      Expected output: 119.080663935 SOL
2025-08-19T02:36:05:      Liquidity change: +711405522686
2025-08-19T02:36:05: 
📝 Generating markdown report...
2025-08-19T02:36:05: 
💰 Fetching current SOL price...
2025-08-19T02:36:05: ✅ SOL price fetched from CoinGecko: $184.74
2025-08-19T02:36:05:    SOL Price: $184.74 (CoinGecko)
2025-08-19T02:36:05:    FRAGME Price: $0.0434
2025-08-19T02:36:05: 
=== Liquidity Breakpoint Analysis ===
2025-08-19T02:36:05: Direction: token0ToToken1
2025-08-19T02:36:05: Current tick: 83573
2025-08-19T02:36:05: Current sqrt price X64: 1203919438098420331886
2025-08-19T02:36:05: Current liquidity: 633565713299566
2025-08-19T02:36:05: Current price: 4259.46847186465076966 FRAGME/SOL
2025-08-19T02:36:05: Fee rate: 0.25% (Base: 0.2% + Additional: 0.05%)
2025-08-19T02:36:05: 
Target tick 83380:
2025-08-19T02:36:05:   Current sqrt: 1203919438098420331886
2025-08-19T02:36:05:   Target sqrt: 1192347635753068000000
2025-08-19T02:36:05:   Liquidity: 633565713299566
2025-08-19T02:36:05:   Swap amount (with fee): 94449392791
2025-08-19T02:36:05:   Output (after fee): 397441259975176
2025-08-19T02:36:05:   Fee amount: 236123482
2025-08-19T02:36:05:   Cumulative swap: 94.449392791 SOL
2025-08-19T02:36:05:   Cumulative output: 397441.259975176 FRAGME
2025-08-19T02:36:05:   Cumulative fees: 0.236123482 SOL
2025-08-19T02:36:05:   Price at tick: 4,177.98
2025-08-19T02:36:05:   Execution price: 4207.98 FRAGME/SOL
2025-08-19T02:36:05:   Price impact: 3.79%
2025-08-19T02:36:05:   Slippage: 1.21%
2025-08-19T02:36:05: 
Target tick 83310:
2025-08-19T02:36:05:   Current sqrt: 1192347635753068000000
2025-08-19T02:36:05:   Target sqrt: 1188181921562291300000
2025-08-19T02:36:05:   Liquidity: 600037817857694
2025-08-19T02:36:05:   Swap amount (with fee): 32627896483
2025-08-19T02:36:05:   Output (after fee): 135502831440856
2025-08-19T02:36:05:   Fee amount: 81569742
2025-08-19T02:36:05:   Cumulative swap: 127.077289274 SOL
2025-08-19T02:36:05:   Cumulative output: 532944.091416032 FRAGME
2025-08-19T02:36:05:   Cumulative fees: 0.317693224 SOL
2025-08-19T02:36:05:   Price at tick: 4,148.84
2025-08-19T02:36:05:   Execution price: 4193.86 FRAGME/SOL
2025-08-19T02:36:05:   Price impact: 5.17%
2025-08-19T02:36:05:   Slippage: 1.54%
2025-08-19T02:36:05: 
Target tick 82970:
2025-08-19T02:36:05:   Current sqrt: 1188181921562291300000
2025-08-19T02:36:05:   Target sqrt: 1168154545246091500000
2025-08-19T02:36:05:   Liquidity: 440116509340948
2025-08-19T02:36:05:   Swap amount (with fee): 117439797287
2025-08-19T02:36:05:   Output (after fee): 477828440635534
2025-08-19T02:36:05:   Fee amount: 293599494
2025-08-19T02:36:05:   Cumulative swap: 244.517086561 SOL
2025-08-19T02:36:05:   Cumulative output: 1010772.532051566 FRAGME
2025-08-19T02:36:05:   Cumulative fees: 0.611292718 SOL
2025-08-19T02:36:05:   Price at tick: 4,010.16
2025-08-19T02:36:05:   Execution price: 4133.75 FRAGME/SOL
2025-08-19T02:36:05:   Price impact: 11.36%
2025-08-19T02:36:05:   Slippage: 2.95%
2025-08-19T02:36:05: 
Target tick 82750:
2025-08-19T02:36:05:   Current sqrt: 1168154545246091500000
2025-08-19T02:36:05:   Target sqrt: 1155375895588022000000
2025-08-19T02:36:05:   Liquidity: 154125933607612
2025-08-19T02:36:05:   Swap amount (with fee): 26986334316
2025-08-19T02:36:05:   Output (after fee): 106767964087577
2025-08-19T02:36:05:   Fee amount: 67465836
2025-08-19T02:36:05:   Cumulative swap: 271.503420877 SOL
2025-08-19T02:36:05:   Cumulative output: 1117540.496139143 FRAGME
2025-08-19T02:36:05:   Cumulative fees: 0.678758554 SOL
2025-08-19T02:36:05:   Price at tick: 3,922.90
2025-08-19T02:36:05:   Execution price: 4116.12 FRAGME/SOL
2025-08-19T02:36:05:   Price impact: 15.12%
2025-08-19T02:36:05:   Slippage: 3.37%
2025-08-19T02:36:05: 
Target tick 82440:
2025-08-19T02:36:05:   Current sqrt: 1155375895588022000000
2025-08-19T02:36:05:   Target sqrt: 1137606526012666000000
2025-08-19T02:36:05:   Liquidity: 153948963983266
2025-08-19T02:36:05:   Swap amount (with fee): 38489319382
2025-08-19T02:36:05:   Output (after fee): 148295874102822
2025-08-19T02:36:05:   Fee amount: 96223299
2025-08-19T02:36:05:   Cumulative swap: 309.992740259 SOL
2025-08-19T02:36:05:   Cumulative output: 1265836.370241965 FRAGME
2025-08-19T02:36:05:   Cumulative fees: 0.774981853 SOL
2025-08-19T02:36:05:   Price at tick: 3,803.16
2025-08-19T02:36:05:   Execution price: 4083.44 FRAGME/SOL
2025-08-19T02:36:05:   Price impact: 20.24%
2025-08-19T02:36:05:   Slippage: 4.13%
2025-08-19T02:36:05: 
Target tick 80410:
2025-08-19T02:36:05:   Current sqrt: 1137606526012666000000
2025-08-19T02:36:05:   Target sqrt: 1027811301530746000000
2025-08-19T02:36:05:   Liquidity: 150791364196
2025-08-19T02:36:05:   Swap amount (with fee): 261855246
2025-08-19T02:36:05:   Output (after fee): 897511865274
2025-08-19T02:36:05:   Fee amount: 654639
2025-08-19T02:36:05:   Cumulative swap: 310.254595505 SOL
2025-08-19T02:36:05:   Cumulative output: 1266733.882107239 FRAGME
2025-08-19T02:36:05:   Cumulative fees: 0.775636492 SOL
2025-08-19T02:36:05:   Price at tick: 3,104.47
2025-08-19T02:36:05:   Execution price: 4082.89 FRAGME/SOL
2025-08-19T02:36:05:   Price impact: 46.92%
2025-08-19T02:36:05:   Slippage: 4.15%
2025-08-19T02:36:05:   Liquidity depleted, stopping
2025-08-19T02:36:05: 
=== Analysis Complete ===

2025-08-19T02:36:05: 
=== Liquidity Breakpoint Analysis ===
2025-08-19T02:36:05: Direction: token1ToToken0
2025-08-19T02:36:05: Current tick: 83573
2025-08-19T02:36:05: Current sqrt price X64: 1203919438098420331886
2025-08-19T02:36:05: Current liquidity: 633565713299566
2025-08-19T02:36:05: Current price: 4259.46847186465076966 FRAGME/SOL
2025-08-19T02:36:05: Fee rate: 0.25% (Base: 0.2% + Additional: 0.05%)
2025-08-19T02:36:05: 
Target tick 83710:
2025-08-19T02:36:05:   Current sqrt: 1203919438098420331886
2025-08-19T02:36:05:   Target sqrt: 1212183576470036200000
2025-08-19T02:36:05:   Liquidity: 633565713299566
2025-08-19T02:36:05:   Swap amount (with fee): 284548709207616
2025-08-19T02:36:05:   Output (after fee): 66182496773
2025-08-19T02:36:05:   Fee amount: 711371773020
2025-08-19T02:36:05:   Cumulative swap: 284548.709207616 FRAGME
2025-08-19T02:36:05:   Cumulative output: 66.182496773 SOL
2025-08-19T02:36:05:   Cumulative fees: 711.37177302 FRAGME
2025-08-19T02:36:05:   Price at tick: 4,318.15
2025-08-19T02:36:05:   Execution price: 4299.46 FRAGME/SOL
2025-08-19T02:36:05:   Price impact: 2.84%
2025-08-19T02:36:05:   Slippage: 0.94%
2025-08-19T02:36:05: 
Target tick 83760:
2025-08-19T02:36:05:   Current sqrt: 1212183576470036200000
2025-08-19T02:36:05:   Target sqrt: 1215217674751496700000
2025-08-19T02:36:05:   Liquidity: 633635198293596
2025-08-19T02:36:05:   Swap amount (with fee): 104480757308227
2025-08-19T02:36:05:   Output (after fee): 24074994030
2025-08-19T02:36:05:   Fee amount: 261201893271
2025-08-19T02:36:05:   Cumulative swap: 389029.466515843 FRAGME
2025-08-19T02:36:05:   Cumulative output: 90.257490803 SOL
2025-08-19T02:36:05:   Cumulative fees: 972.573666291 FRAGME
2025-08-19T02:36:05:   Price at tick: 4,339.79
2025-08-19T02:36:05:   Execution price: 4310.22 FRAGME/SOL
2025-08-19T02:36:05:   Price impact: 3.87%
2025-08-19T02:36:05:   Slippage: 1.19%
2025-08-19T02:36:05: 
Target tick 83820:
2025-08-19T02:36:05:   Current sqrt: 1215217674751496700000
2025-08-19T02:36:05:   Target sqrt: 1218868618909751700000
2025-08-19T02:36:05:   Liquidity: 633910361956811
2025-08-19T02:36:05:   Swap amount (with fee): 125776763258504
2025-08-19T02:36:05:   Output (after fee): 28823173132
2025-08-19T02:36:05:   Fee amount: 314441908147
2025-08-19T02:36:05:   Cumulative swap: 514806.229774347 FRAGME
2025-08-19T02:36:05:   Cumulative output: 119.080663935 SOL
2025-08-19T02:36:05:   Cumulative fees: 1287.015574438 FRAGME
2025-08-19T02:36:05:   Price at tick: 4,365.91
2025-08-19T02:36:05:   Execution price: 4323.17 FRAGME/SOL
2025-08-19T02:36:05:   Price impact: 5.10%
2025-08-19T02:36:05:   Slippage: 1.50%
2025-08-19T02:36:05: 
Target tick 84240:
2025-08-19T02:36:05:   Current sqrt: 1218868618909751700000
2025-08-19T02:36:05:   Target sqrt: 1244734204795138600000
2025-08-19T02:36:05:   Liquidity: 634621767479497
2025-08-19T02:36:05:   Swap amount (with fee): 892081755746420
2025-08-19T02:36:05:   Output (after fee): 199582972787
2025-08-19T02:36:05:   Fee amount: 2230204389367
2025-08-19T02:36:05:   Cumulative swap: 1406887.985520767 FRAGME
2025-08-19T02:36:05:   Cumulative output: 318.663636722 SOL
2025-08-19T02:36:05:   Cumulative fees: 3517.219963805 FRAGME
2025-08-19T02:36:05:   Price at tick: 4,553.17
2025-08-19T02:36:05:   Execution price: 4414.96 FRAGME/SOL
2025-08-19T02:36:05:   Price impact: 14.41%
2025-08-19T02:36:05:   Slippage: 3.65%
2025-08-19T02:36:05: 
Target tick 84490:
2025-08-19T02:36:05:   Current sqrt: 1244734204795138600000
2025-08-19T02:36:05:   Target sqrt: 1260390245979485000000
2025-08-19T02:36:05:   Liquidity: 634470976115301
2025-08-19T02:36:05:   Swap amount (with fee): 539835061982681
2025-08-19T02:36:05:   Output (after fee): 116797024835
2025-08-19T02:36:05:   Fee amount: 1349587654957
2025-08-19T02:36:05:   Cumulative swap: 1946723.047503448 FRAGME
2025-08-19T02:36:05:   Cumulative output: 435.460661557 SOL
2025-08-19T02:36:05:   Cumulative fees: 4866.807618762 FRAGME
2025-08-19T02:36:05:   Price at tick: 4,668.43
2025-08-19T02:36:05:   Execution price: 4470.49 FRAGME/SOL
2025-08-19T02:36:05:   Price impact: 20.09%
2025-08-19T02:36:05:   Slippage: 4.95%
2025-08-19T02:36:05: 
Target tick 84750:
2025-08-19T02:36:05:   Current sqrt: 1260390245979485000000
2025-08-19T02:36:05:   Target sqrt: 1276881455251833700000
2025-08-19T02:36:05:   Liquidity: 600943080673429
2025-08-19T02:36:05:   Swap amount (with fee): 538583711802550
2025-08-19T02:36:05:   Output (after fee): 113592576762
2025-08-19T02:36:05:   Fee amount: 1346459279507
2025-08-19T02:36:05:   Cumulative swap: 2485306.759305998 FRAGME
2025-08-19T02:36:05:   Cumulative output: 549.053238319 SOL
2025-08-19T02:36:05:   Cumulative fees: 6213.266898269 FRAGME
2025-08-19T02:36:05:   Price at tick: 4,791.39
2025-08-19T02:36:05:   Execution price: 4526.53 FRAGME/SOL
2025-08-19T02:36:05:   Price impact: 26.59%
2025-08-19T02:36:05:   Slippage: 6.27%
2025-08-19T02:36:05: 
Target tick 84760:
2025-08-19T02:36:05:   Current sqrt: 1276881455251833700000
2025-08-19T02:36:05:   Target sqrt: 1277520023680374500000
2025-08-19T02:36:05:   Liquidity: 600766111049083
2025-08-19T02:36:05:   Swap amount (with fee): 20848760588510
2025-08-19T02:36:05:   Output (after fee): 4338247209
2025-08-19T02:36:05:   Fee amount: 52121901472
2025-08-19T02:36:05:   Cumulative swap: 2506155.519894508 FRAGME
2025-08-19T02:36:05:   Cumulative output: 553.391485528 SOL
2025-08-19T02:36:05:   Cumulative fees: 6265.388799741 FRAGME
2025-08-19T02:36:05:   Price at tick: 4,796.19
2025-08-19T02:36:05:   Execution price: 4528.72 FRAGME/SOL
2025-08-19T02:36:05:   Price impact: 26.81%
2025-08-19T02:36:05:   Slippage: 6.32%
2025-08-19T02:36:05: 
Target tick 84820:
2025-08-19T02:36:05:   Current sqrt: 1277520023680374500000
2025-08-19T02:36:05:   Target sqrt: 1281358146153752600000
2025-08-19T02:36:05:   Liquidity: 600490947385868
2025-08-19T02:36:05:   Swap amount (with fee): 125254306468843
2025-08-19T02:36:05:   Output (after fee): 25972082025
2025-08-19T02:36:05:   Fee amount: 313135766173
2025-08-19T02:36:05:   Cumulative swap: 2631409.826363351 FRAGME
2025-08-19T02:36:05:   Cumulative output: 579.363567553 SOL
2025-08-19T02:36:05:   Cumulative fees: 6578.524565914 FRAGME
2025-08-19T02:36:05:   Price at tick: 4,825.05
2025-08-19T02:36:05:   Execution price: 4541.90 FRAGME/SOL
2025-08-19T02:36:05:   Price impact: 28.41%
2025-08-19T02:36:05:   Slippage: 6.63%
2025-08-19T02:36:05: 
Target tick 84930:
2025-08-19T02:36:05:   Current sqrt: 1281358146153752600000
2025-08-19T02:36:05:   Target sqrt: 1288424677786244600000
2025-08-19T02:36:05:   Liquidity: 599779541863182
2025-08-19T02:36:05:   Swap amount (with fee): 230337860547622
2025-08-19T02:36:05:   Output (after fee): 47357428178
2025-08-19T02:36:05:   Fee amount: 575844651370
2025-08-19T02:36:05:   Cumulative swap: 2861747.686910973 FRAGME
2025-08-19T02:36:05:   Cumulative output: 626.720995731 SOL
2025-08-19T02:36:05:   Cumulative fees: 7154.369217284 FRAGME
2025-08-19T02:36:05:   Price at tick: 4,878.41
2025-08-19T02:36:05:   Execution price: 4566.22 FRAGME/SOL
2025-08-19T02:36:05:   Price impact: 31.17%
2025-08-19T02:36:05:   Slippage: 7.20%
2025-08-19T02:36:05: 
Target tick 84980:
2025-08-19T02:36:05:   Current sqrt: 1288424677786244600000
2025-08-19T02:36:05:   Target sqrt: 1291649607719750500000
2025-08-19T02:36:05:   Liquidity: 599710056869152
2025-08-19T02:36:05:   Swap amount (with fee): 105106358135459
2025-08-19T02:36:05:   Output (after fee): 21437670270
2025-08-19T02:36:05:   Fee amount: 262765895339
2025-08-19T02:36:05:   Cumulative swap: 2966854.045046432 FRAGME
2025-08-19T02:36:05:   Cumulative output: 648.158666001 SOL
2025-08-19T02:36:05:   Cumulative fees: 7417.135112623 FRAGME
2025-08-19T02:36:05:   Price at tick: 4,902.87
2025-08-19T02:36:05:   Execution price: 4577.36 FRAGME/SOL
2025-08-19T02:36:05:   Price impact: 32.56%
2025-08-19T02:36:05:   Slippage: 7.46%
2025-08-19T02:36:05: 
=== Analysis Complete ===

2025-08-19T02:36:05: 
Report saved to: ./reports/pool_analysis_report_2025-08-18_17-36-05.md
2025-08-19T02:36:05: 
📤 Publishing report to Notion...
2025-08-19T02:36:05:    Database ID: 253415939481806ca533db4637e0faf6
2025-08-19T02:36:09: ✅ Report published successfully!
2025-08-19T02:36:09:    Page URL: https://notion.so/25341593948181368993f896d6ded94f
2025-08-19T02:36:09: 
🔗 Notion Page: https://notion.so/25341593948181368993f896d6ded94f
2025-08-19T02:36:09: 
📮 Sending notification to Slack...
2025-08-19T02:36:10: ✅ Slack notification sent successfully!
2025-08-19T02:36:10: ✅ Initial analysis completed
2025-08-19T02:37:24: 
👋 Scheduler stopped
